Using pre-set license

 COMMAND LINE ARGUMENTS:
/Applications/Unity/Hub/Editor/2020.3.8f1/Unity.app/Contents/MacOS/Unity
-adb2
-batchMode
-noUpm
-name
AssetImportWorker0
-projectPath
/Users/ayame/Desktop/Unity Projects/Beat Saber
-logFile
Logs/AssetImportWorker0.log
-srvPort
53276
Successfully changed project path to: /Users/ayame/Desktop/Unity Projects/Beat Saber
/Users/ayame/Desktop/Unity Projects/Beat Saber
Using Asset Import Pipeline V2.
Refreshing native plugins compatible for Editor in 97.34 ms, found 1 plugins.
Preloading 0 native plugins for Editor in 0.00 ms.
Initialize engine version: 2020.3.8f1 (507919d4fff5)
[Subsystems] Discovering subsystems at path /Applications/Unity/Hub/Editor/2020.3.8f1/Unity.app/Contents/Resources/UnitySubsystems
[Subsystems] Discovering subsystems at path /Users/ayame/Desktop/Unity Projects/Beat Saber/Assets
GfxDevice: creating device client; threaded=0
2021-10-07 12:13:32.758 Unity[25122:295740] Color LCD preferred device: Intel(R) Iris(TM) Plus Graphics 640 (low power)
2021-10-07 12:13:32.758 Unity[25122:295740] Metal devices available: 1
2021-10-07 12:13:32.758 Unity[25122:295740] 0: Intel(R) Iris(TM) Plus Graphics 640 (low power)
2021-10-07 12:13:32.758 Unity[25122:295740] Using device Intel(R) Iris(TM) Plus Graphics 640 (low power)
Initializing Metal device caps: Intel(R) Iris(TM) Plus Graphics 640
Initialize mono
Mono path[0] = '/Applications/Unity/Hub/Editor/2020.3.8f1/Unity.app/Contents/Managed'
Mono path[1] = '/Applications/Unity/Hub/Editor/2020.3.8f1/Unity.app/Contents/MonoBleedingEdge/lib/mono/unityjit'
Mono config path = '/Applications/Unity/Hub/Editor/2020.3.8f1/Unity.app/Contents/MonoBleedingEdge/etc'
Using monoOptions --debugger-agent=transport=dt_socket,embedding=1,server=y,suspend=n,address=127.0.0.1:56122
Begin MonoManager ReloadAssembly
Registering precompiled unity dll's ...
Register platform support module: /Applications/Unity/Hub/Editor/2020.3.8f1/Unity.app/Contents/PlaybackEngines/MacStandaloneSupport/UnityEditor.OSXStandalone.Extensions.dll
Registered in 0.003128 seconds.
Native extension for OSXStandalone target not found
Refreshing native plugins compatible for Editor in 36.46 ms, found 1 plugins.
Preloading 0 native plugins for Editor in 0.00 ms.
Mono: successfully reloaded assembly
- Completed reload, in  5.804 seconds
Platform modules already initialized, skipping
Registering precompiled user dll's ...
Registered in 0.001953 seconds.
Begin MonoManager ReloadAssembly
Native extension for OSXStandalone target not found
Refreshing native plugins compatible for Editor in 36.95 ms, found 1 plugins.
Preloading 0 native plugins for Editor in 0.00 ms.
Mono: successfully reloaded assembly
- Completed reload, in  1.677 seconds
Platform modules already initialized, skipping
========================================================================
Worker process is ready to serve import requests
Launching external process: /Applications/Unity/Hub/Editor/2020.3.8f1/Unity.app/Contents/Tools/UnityShaderCompiler
Launched and connected shader compiler UnityShaderCompiler after 0.03 seconds
Refreshing native plugins compatible for Editor in 0.47 ms, found 1 plugins.
Preloading 0 native plugins for Editor in 0.00 ms.
Unloading 1781 Unused Serialized files (Serialized files now loaded: 0)
System memory in use before: 150.4 MB.
System memory in use after: 150.5 MB.

Unloading 13 unused Assets to reduce memory usage. Loaded Objects now: 2226.
Total: 2.998978 ms (FindLiveObjects: 0.281546 ms CreateObjectMapping: 0.085429 ms MarkObjects: 2.465874 ms  DeleteObjects: 0.164556 ms)

AssetImportParameters requested are different than current active one (requested -> active):
  requireTextureImportCompression: false -> true
========================================================================
Received Import Request.
  path: Assets/_Prefabs/Blue Cube.prefab
  artifactKey: Guid(161b401cf8a3041f6855faec0b04112d) Importer(815301076,1909f56bfc062723c751e8b465ee728b)
Start importing Assets/_Prefabs/Blue Cube.prefab using Guid(161b401cf8a3041f6855faec0b04112d) Importer(815301076,1909f56bfc062723c751e8b465ee728b)  -> (artifact id: '0532008391c2b1e1336a6c863eac6467') in 1.709692 seconds
  Import took 1.721380 seconds .

========================================================================
Received Import Request.
  Time since last request: 1.249898 seconds.
  path: Assets/_Prefabs/BlueCube.prefab
  artifactKey: Guid(8dc71a26d86dc45da8a4d4edbd6d9e0a) Importer(815301076,1909f56bfc062723c751e8b465ee728b)
Start importing Assets/_Prefabs/BlueCube.prefab using Guid(8dc71a26d86dc45da8a4d4edbd6d9e0a) Importer(815301076,1909f56bfc062723c751e8b465ee728b)  -> (artifact id: '84f31cceb3a90843f343967225eeef5d') in 0.024327 seconds
  Import took 0.034770 seconds .

========================================================================
Received Import Request.
  Time since last request: 5.296108 seconds.
  path: Assets/_Prefabs/Red Cube.prefab
  artifactKey: Guid(8dc71a26d86dc45da8a4d4edbd6d9e0a) Importer(815301076,1909f56bfc062723c751e8b465ee728b)
Start importing Assets/_Prefabs/Red Cube.prefab using Guid(8dc71a26d86dc45da8a4d4edbd6d9e0a) Importer(815301076,1909f56bfc062723c751e8b465ee728b)  -> (artifact id: 'a5fc88c62aa1951adf4dda342cdb574b') in 0.010205 seconds
  Import took 0.014383 seconds .

========================================================================
Received Prepare
Refreshing native plugins compatible for Editor in 1.74 ms, found 1 plugins.
Preloading 0 native plugins for Editor in 0.00 ms.
Unloading 3 Unused Serialized files (Serialized files now loaded: 0)
System memory in use before: 122.0 MB.
System memory in use after: 122.1 MB.

Unloading 3 unused Assets to reduce memory usage. Loaded Objects now: 2234.
Total: 3.285782 ms (FindLiveObjects: 0.229188 ms CreateObjectMapping: 0.086347 ms MarkObjects: 2.909849 ms  DeleteObjects: 0.059345 ms)

========================================================================
Received Prepare
Refreshing native plugins compatible for Editor in 2.86 ms, found 1 plugins.
Preloading 0 native plugins for Editor in 0.00 ms.
Unloading 3 Unused Serialized files (Serialized files now loaded: 0)
System memory in use before: 122.1 MB.
System memory in use after: 122.2 MB.

Unloading 3 unused Assets to reduce memory usage. Loaded Objects now: 2234.
Total: 22.827473 ms (FindLiveObjects: 0.593753 ms CreateObjectMapping: 0.058216 ms MarkObjects: 22.030996 ms  DeleteObjects: 0.143058 ms)

AssetImportParameters requested are different than current active one (requested -> active):
  requireTextureImportCompression: false -> true
========================================================================
Received Prepare
Refreshing native plugins compatible for Editor in 8.02 ms, found 1 plugins.
Preloading 0 native plugins for Editor in 0.00 ms.
Unloading 3 Unused Serialized files (Serialized files now loaded: 0)
System memory in use before: 122.4 MB.
System memory in use after: 122.5 MB.

Unloading 3 unused Assets to reduce memory usage. Loaded Objects now: 2234.
Total: 3.369974 ms (FindLiveObjects: 0.302990 ms CreateObjectMapping: 0.193923 ms MarkObjects: 2.803873 ms  DeleteObjects: 0.067819 ms)

========================================================================
Received Prepare
Refreshing native plugins compatible for Editor in 8.15 ms, found 1 plugins.
Preloading 0 native plugins for Editor in 0.00 ms.
Unloading 3 Unused Serialized files (Serialized files now loaded: 0)
System memory in use before: 122.6 MB.
System memory in use after: 122.7 MB.

Unloading 3 unused Assets to reduce memory usage. Loaded Objects now: 2234.
Total: 48.169644 ms (FindLiveObjects: 2.941311 ms CreateObjectMapping: 0.196071 ms MarkObjects: 44.749932 ms  DeleteObjects: 0.279348 ms)

AssetImportParameters requested are different than current active one (requested -> active):
  requireTextureImportCompression: false -> true
